#
# A fatal error has been detected by the Java Runtime Environment:
#
#  EXCEPTION_ACCESS_VIOLATION (0xc0000005) at pc=0x00000000531faa30, pid=6292, tid=0x00000000000029b4
#
# JRE version: OpenJDK Runtime Environment (8.0_152-b02) (build 1.8.0_152-release-1024-b02)
# Java VM: OpenJDK 64-Bit Server VM (25.152-b02 mixed mode windows-amd64 compressed oops)
# Problematic frame:
# V  [jvm.dll+0x8aa30]
#
# Failed to write core dump. Minidumps are not enabled by default on client versions of Windows
#
# If you would like to submit a bug report, please visit:
#   http://bugreport.java.com/bugreport/crash.jsp
#

---------------  T H R E A D  ---------------

Current thread (0x0000000003199000):  GCTaskThread [stack: 0x0000000012d30000,0x0000000012e30000] [id=10676]

siginfo: ExceptionCode=0xc0000005, reading address 0x000000074e065160

Registers:
RAX=0x0000000000000000, RBX=0x00000000ec42cc60, RCX=0x00000000ec42cc60, RDX=0x000000074e065158
RSP=0x0000000012e2f828, RBP=0x0000000000000000, RSI=0x000000000326c3c0, RDI=0x000000001e357500
R8 =0x000000000326c3c0, R9 =0x0000000000000039, R10=0x0000000000000008, R11=0x00000000eaa94580
R12=0x0000000053786228, R13=0xec3fbb48ec42cc68, R14=0x0000000000000000, R15=0x0000000003199750
RIP=0x00000000531faa30, EFLAGS=0x0000000000010202

Top of Stack: (sp=0x0000000012e2f828)
0x0000000012e2f828:   000000005353cc82 00000000ec62cc40
0x0000000012e2f838:   0000000000000004 000000000326c3c0
0x0000000012e2f848:   0000000053236e0a 00000000eaa8c590
0x0000000012e2f858:   0000000000001000 0000000000000000
0x0000000012e2f868:   0000000000000000 0000000000000000
0x0000000012e2f878:   000000000318da01 0000000053786228
0x0000000012e2f888:   000000005353cff0 00000000eaa8d548
0x0000000012e2f898:   0000000000000000 000000000326c3c0
0x0000000012e2f8a8:   000000001e357500 00000000eaa8d548
0x0000000012e2f8b8:   000000005353d9c5 000000000000002d
0x0000000012e2f8c8:   0000000053786228 00000000eaa8d4c0
0x0000000012e2f8d8:   000000005353cf01 00000000ec62cbd0
0x0000000012e2f8e8:   0000000000000005 000000000326c3c0
0x0000000012e2f8f8:   00001db000001436 000000001e3574d0
0x0000000012e2f908:   00001db000001437 00001db000001436
0x0000000012e2f918:   00001db000001436 0000000003199740 

Instructions: (pc=0x00000000531faa30)
0x00000000531faa10:   6c 4e 1d 00 48 8b 9c 24 c0 00 00 00 48 81 c4 b0
0x00000000531faa20:   00 00 00 5d c3 cc cc cc cc cc cc cc cc cc cc cc
0x00000000531faa30:   44 8b 42 08 4c 8b ca 45 85 c0 7e 0e 41 f6 c0 01
0x00000000531faa40:   75 57 41 c1 f8 03 41 8b c0 c3 79 4d 80 3d 7e fe 


Register to memory mapping:

RAX=0x0000000000000000 is an unknown value
RBX=0x00000000ec42cc60 is an oop

[error occurred during error reporting (printing register info), id 0xc0000005]

Stack: [0x0000000012d30000,0x0000000012e30000],  sp=0x0000000012e2f828,  free space=1022k
Native frames: (J=compiled Java code, j=interpreted, Vv=VM code, C=native code)


---------------  P R O C E S S  ---------------

Java Threads: ( => current thread )
  0x000000001c73b000 JavaThread "pool-9-thread-2" [_thread_blocked, id=11420, stack(0x0000000032d10000,0x0000000032e10000)]
  0x000000001c73a000 JavaThread "pool-9-thread-1" [_thread_blocked, id=2420, stack(0x0000000032c10000,0x0000000032d10000)]
  0x000000001c739800 JavaThread "pool-11-thread-2" [_thread_blocked, id=8368, stack(0x0000000032b10000,0x0000000032c10000)]
  0x000000001c738000 JavaThread "pool-10-thread-2" [_thread_blocked, id=11776, stack(0x0000000032a10000,0x0000000032b10000)]
  0x000000001c730800 JavaThread "pool-10-thread-1" [_thread_blocked, id=9716, stack(0x0000000032910000,0x0000000032a10000)]
  0x000000001c737000 JavaThread "pool-11-thread-1" [_thread_blocked, id=3908, stack(0x0000000032810000,0x0000000032910000)]
  0x000000001c72f800 JavaThread "ForkJoinPool.commonPool-worker-3" daemon [_thread_blocked, id=8748, stack(0x0000000032710000,0x0000000032810000)]
  0x000000001c736800 JavaThread "ForkJoinPool.commonPool-worker-2" daemon [_thread_blocked, id=11456, stack(0x0000000032610000,0x0000000032710000)]
  0x000000001c72f000 JavaThread "ForkJoinPool.commonPool-worker-1" daemon [_thread_blocked, id=9084, stack(0x0000000032510000,0x0000000032610000)]
  0x000000001c732800 JavaThread "Cache worker for Java compile cache (C:\Users\IGNITE\Documents\Development\AndroidStudioProjects\TarjetealoApp\.gradle\4.4\javaCompile)" [_thread_blocked, id=2248, stack(0x0000000032410000,0x0000000032510000)]
  0x000000001c72d800 JavaThread "Task worker for ':' Thread 3" [_thread_blocked, id=7480, stack(0x0000000032310000,0x0000000032410000)]
  0x000000001c732000 JavaThread "Task worker for ':' Thread 2" [_thread_blocked, id=11464, stack(0x0000000032210000,0x0000000032310000)]
  0x000000001a2e2000 JavaThread "Task worker for ':'" [_thread_blocked, id=12212, stack(0x0000000032110000,0x0000000032210000)]
  0x000000001a2df000 JavaThread "Cache worker for Build Output Cleanup Cache (C:\Users\IGNITE\Documents\Development\AndroidStudioProjects\TarjetealoApp\.gradle\buildOutputCleanup)" [_thread_blocked, id=11724, stack(0x0000000032010000,0x0000000032110000)]
  0x000000001a2e1800 JavaThread "Cache worker for task history cache (C:\Users\IGNITE\Documents\Development\AndroidStudioProjects\TarjetealoApp\.gradle\4.4\taskHistory)" [_thread_blocked, id=11928, stack(0x0000000031f10000,0x0000000032010000)]
  0x000000001a2de800 JavaThread "Cache worker for file content cache (C:\Users\IGNITE\Documents\Development\AndroidStudioProjects\TarjetealoApp\.gradle\4.4\fileContent)" [_thread_blocked, id=2140, stack(0x0000000031e10000,0x0000000031f10000)]
  0x000000001a2e0000 JavaThread "build operations Thread 4" [_thread_blocked, id=11396, stack(0x0000000031d10000,0x0000000031e10000)]
  0x000000001a2dd000 JavaThread "build operations Thread 3" [_thread_blocked, id=4104, stack(0x0000000031c10000,0x0000000031d10000)]
  0x000000001a2e0800 JavaThread "build operations Thread 2" [_thread_blocked, id=5164, stack(0x0000000031b10000,0x0000000031c10000)]
  0x000000001a2e3800 JavaThread "build operations" [_thread_blocked, id=12048, stack(0x0000000031a10000,0x0000000031b10000)]
  0x000000001a2dd800 JavaThread "Cache worker for Artifact transforms cache (C:\Users\IGNITE\.gradle\caches\transforms-1)" [_thread_blocked, id=1028, stack(0x0000000031910000,0x0000000031a10000)]
  0x000000001a2d5800 JavaThread "Cache worker for file hash cache (C:\Users\IGNITE\Documents\Development\AndroidStudioProjects\TarjetealoApp\.gradle\4.4\fileHashes)" [_thread_blocked, id=8344, stack(0x0000000031810000,0x0000000031910000)]
  0x000000001a2dc000 JavaThread "Stdin handler" [_thread_blocked, id=11888, stack(0x0000000031710000,0x0000000031810000)]
  0x000000001a2d9000 JavaThread "Asynchronous log dispatcher for DefaultDaemonConnection: socket connection from /127.0.0.1:58439 to /127.0.0.1:58716" [_thread_blocked, id=5608, stack(0x0000000031610000,0x0000000031710000)]
  0x000000001a2d4800 JavaThread "Daemon worker Thread 4" [_thread_blocked, id=9920, stack(0x0000000031510000,0x0000000031610000)]
  0x000000001a2da000 JavaThread "Cancel handler" [_thread_blocked, id=11612, stack(0x0000000031410000,0x0000000031510000)]
  0x000000001a2d7800 JavaThread "Handler for socket connection from /127.0.0.1:58439 to /127.0.0.1:58716" [_thread_in_native, id=12168, stack(0x0000000031310000,0x0000000031410000)]
  0x000000001a2d6000 JavaThread "Daemon Thread 4" [_thread_blocked, id=8940, stack(0x0000000031210000,0x0000000031310000)]
  0x000000001a2d8800 JavaThread "Java2D Disposer" daemon [_thread_blocked, id=11180, stack(0x0000000025210000,0x0000000025310000)]
  0x000000001c733800 JavaThread "Memory manager" [_thread_blocked, id=11400, stack(0x00000000218f0000,0x00000000219f0000)]
  0x0000000019f4f000 JavaThread "pool-1-thread-1" [_thread_blocked, id=8740, stack(0x00000000215f0000,0x00000000216f0000)]
  0x0000000019e79000 JavaThread "File lock request listener" [_thread_in_native, id=11816, stack(0x000000001b7b0000,0x000000001b8b0000)]
  0x0000000019ef5000 JavaThread "Cache worker for file hash cache (C:\Users\IGNITE\.gradle\caches\4.4\fileHashes)" [_thread_blocked, id=2508, stack(0x000000001b6b0000,0x000000001b7b0000)]
  0x0000000019b07000 JavaThread "Daemon periodic checks" [_thread_blocked, id=11128, stack(0x000000001abb0000,0x000000001acb0000)]
  0x0000000019b06800 JavaThread "Incoming local TCP Connector on port 58439" [_thread_in_native, id=11028, stack(0x000000001a950000,0x000000001aa50000)]
  0x0000000018668800 JavaThread "Service Thread" daemon [_thread_blocked, id=11864, stack(0x0000000018a40000,0x0000000018b40000)]
  0x0000000016cd1000 JavaThread "C1 CompilerThread2" daemon [_thread_blocked, id=6056, stack(0x0000000018540000,0x0000000018640000)]
  0x0000000016ccd800 JavaThread "C2 CompilerThread1" daemon [_thread_in_native, id=9708, stack(0x0000000018440000,0x0000000018540000)]
  0x0000000016cd7800 JavaThread "C2 CompilerThread0" daemon [_thread_blocked, id=3300, stack(0x0000000018340000,0x0000000018440000)]
  0x0000000016cd6000 JavaThread "Attach Listener" daemon [_thread_blocked, id=1500, stack(0x0000000018240000,0x0000000018340000)]
  0x0000000016cd4800 JavaThread "Signal Dispatcher" daemon [_thread_blocked, id=11652, stack(0x0000000018140000,0x0000000018240000)]
  0x000000000327c800 JavaThread "Finalizer" daemon [_thread_blocked, id=5204, stack(0x0000000017f30000,0x0000000018030000)]
  0x0000000003271800 JavaThread "Reference Handler" daemon [_thread_blocked, id=12060, stack(0x0000000017e30000,0x0000000017f30000)]
  0x000000000335e000 JavaThread "main" [_thread_blocked, id=10988, stack(0x0000000002fc0000,0x00000000030c0000)]

Other Threads:
  0x0000000016c95000 VMThread [stack: 0x0000000017d30000,0x0000000017e30000] [id=1296]
  0x0000000016d2c000 WatcherThread [stack: 0x0000000018b40000,0x0000000018c40000] [id=8916]

=>0x0000000003199000 (exited) GCTaskThread [stack: 0x0000000012d30000,0x0000000012e30000] [id=10676]

VM state:at safepoint (normal execution)

VM Mutex/Monitor currently owned by a thread:  ([mutex/lock_event])
[0x000000000335d820] Threads_lock - owner thread: 0x0000000016c95000
[0x000000000335caa0] Heap_lock - owner thread: 0x000000001c730800

Heap:
 PSYoungGen      total 173056K, used 164948K [0x00000000e0000000, 0x00000000ecf00000, 0x0000000100000000)
  eden space 140288K, 100% used [0x00000000e0000000,0x00000000e8900000,0x00000000e8900000)
  from space 32768K, 75% used [0x00000000eaf00000,0x00000000ec715398,0x00000000ecf00000)
  to   space 35840K, 97% used [0x00000000e8900000,0x00000000eaaf4590,0x00000000eac00000)
 ParOldGen       total 151040K, used 71219K [0x00000000a0000000, 0x00000000a9380000, 0x00000000e0000000)
  object space 151040K, 47% used [0x00000000a0000000,0x00000000a458ce68,0x00000000a9380000)
 Metaspace       used 84334K, capacity 88520K, committed 88792K, reserved 1126400K
  class space    used 10761K, capacity 11737K, committed 11776K, reserved 1048576K

Card table byte_map: [0x0000000012720000,0x0000000012a30000] byte_map_base: 0x0000000012220000

Marking Bits: (ParMarkBitMap*) 0x0000000053934970
 Begin Bits: [0x0000000013030000, 0x0000000014830000)
 End Bits:   [0x0000000014830000, 0x0000000016030000)

Polling page: 0x0000000001210000

CodeCache: size=245760Kb used=48789Kb max_used=49591Kb free=196970Kb
 bounds [0x0000000003360000, 0x0000000006410000, 0x0000000012360000]
 total_blobs=14991 nmethods=14035 adapters=867
 compilation: enabled

Compilation events (10 events):
Event: 2179.957 Thread 0x0000000016cd1000 17207       3       com.android.tools.r8.it.unimi.dsi.fastutil.objects.AbstractObjectCollection::<init> (5 bytes)
Event: 2179.957 Thread 0x0000000016cd1000 nmethod 17207 0x0000000006163590 code [0x0000000006163700, 0x0000000006163910]
Event: 2179.957 Thread 0x0000000016cd1000 17216       3       com.android.tools.r8.ir.code.Value::addUser (15 bytes)
Event: 2179.957 Thread 0x0000000016cd1000 nmethod 17216 0x00000000061630d0 code [0x0000000006163240, 0x0000000006163468]
Event: 2179.957 Thread 0x0000000016cd1000 17212       3       com.android.tools.r8.it.unimi.dsi.fastutil.ints.Int2ReferenceAVLTreeMap::put (20 bytes)
Event: 2179.957 Thread 0x0000000016cd1000 nmethod 17212 0x0000000006162cd0 code [0x0000000006162e40, 0x0000000006163008]
Event: 2179.957 Thread 0x0000000016cd1000 17208       3       com.android.tools.r8.it.unimi.dsi.fastutil.ints.Int2ReferenceOpenHashMap$KeyIterator::next (5 bytes)
Event: 2179.960 Thread 0x0000000016cd1000 nmethod 17208 0x0000000005ef3950 code [0x0000000005ef3ae0, 0x0000000005ef3e18]
Event: 2179.961 Thread 0x0000000016cd1000 17217       3       com.android.tools.r8.ir.code.If::getTrueTarget (75 bytes)
Event: 2179.961 Thread 0x0000000016cd1000 nmethod 17217 0x00000000035f7510 code [0x00000000035f76a0, 0x00000000035f7b98]

GC Heap History (10 events):
Event: 2006.709 GC heap after
Heap after GC invocations=21 (full 3):
 PSYoungGen      total 187392K, used 13659K [0x00000000e0000000, 0x00000000ee080000, 0x0000000100000000)
  eden space 157184K, 0% used [0x00000000e0000000,0x00000000e0000000,0x00000000e9980000)
  from space 30208K, 45% used [0x00000000ec300000,0x00000000ed056d68,0x00000000ee080000)
  to   space 36352K, 0% used [0x00000000e9980000,0x00000000e9980000,0x00000000ebd00000)
 ParOldGen       total 151040K, used 71179K [0x00000000a0000000, 0x00000000a9380000, 0x00000000e0000000)
  object space 151040K, 47% used [0x00000000a0000000,0x00000000a4582e68,0x00000000a9380000)
 Metaspace       used 70853K, capacity 74066K, committed 74072K, reserved 1114112K
  class space    used 9107K, capacity 9852K, committed 9856K, reserved 1048576K
}
Event: 2013.479 GC heap before
{Heap before GC invocations=22 (full 3):
 PSYoungGen      total 187392K, used 170843K [0x00000000e0000000, 0x00000000ee080000, 0x0000000100000000)
  eden space 157184K, 100% used [0x00000000e0000000,0x00000000e9980000,0x00000000e9980000)
  from space 30208K, 45% used [0x00000000ec300000,0x00000000ed056d68,0x00000000ee080000)
  to   space 36352K, 0% used [0x00000000e9980000,0x00000000e9980000,0x00000000ebd00000)
 ParOldGen       total 151040K, used 71179K [0x00000000a0000000, 0x00000000a9380000, 0x00000000e0000000)
  object space 151040K, 47% used [0x00000000a0000000,0x00000000a4582e68,0x00000000a9380000)
 Metaspace       used 71589K, capacity 75220K, committed 75352K, reserved 1114112K
  class space    used 9188K, capacity 10011K, committed 10112K, reserved 1048576K
Event: 2013.496 GC heap after
Heap after GC invocations=22 (full 3):
 PSYoungGen      total 176128K, used 23507K [0x00000000e0000000, 0x00000000edd00000, 0x0000000100000000)
  eden space 152576K, 0% used [0x00000000e0000000,0x00000000e0000000,0x00000000e9500000)
  from space 23552K, 99% used [0x00000000e9980000,0x00000000eb074f80,0x00000000eb080000)
  to   space 36864K, 0% used [0x00000000eb900000,0x00000000eb900000,0x00000000edd00000)
 ParOldGen       total 151040K, used 71187K [0x00000000a0000000, 0x00000000a9380000, 0x00000000e0000000)
  object space 151040K, 47% used [0x00000000a0000000,0x00000000a4584e68,0x00000000a9380000)
 Metaspace       used 71589K, capacity 75220K, committed 75352K, reserved 1114112K
  class space    used 9188K, capacity 10011K, committed 10112K, reserved 1048576K
}
Event: 2173.312 GC heap before
{Heap before GC invocations=23 (full 3):
 PSYoungGen      total 176128K, used 176083K [0x00000000e0000000, 0x00000000edd00000, 0x0000000100000000)
  eden space 152576K, 100% used [0x00000000e0000000,0x00000000e9500000,0x00000000e9500000)
  from space 23552K, 99% used [0x00000000e9980000,0x00000000eb074f80,0x00000000eb080000)
  to   space 36864K, 0% used [0x00000000eb900000,0x00000000eb900000,0x00000000edd00000)
 ParOldGen       total 151040K, used 71187K [0x00000000a0000000, 0x00000000a9380000, 0x00000000e0000000)
  object space 151040K, 47% used [0x00000000a0000000,0x00000000a4584e68,0x00000000a9380000)
 Metaspace       used 71965K, capacity 75640K, committed 75864K, reserved 1116160K
  class space    used 9222K, capacity 10055K, committed 10112K, reserved 1048576K
Event: 2173.327 GC heap after
Heap after GC invocations=23 (full 3):
 PSYoungGen      total 179200K, used 18676K [0x00000000e0000000, 0x00000000ed700000, 0x0000000100000000)
  eden space 148480K, 0% used [0x00000000e0000000,0x00000000e0000000,0x00000000e9100000)
  from space 30720K, 60% used [0x00000000eb900000,0x00000000ecb3d2e0,0x00000000ed700000)
  to   space 35840K, 0% used [0x00000000e9100000,0x00000000e9100000,0x00000000eb400000)
 ParOldGen       total 151040K, used 71195K [0x00000000a0000000, 0x00000000a9380000, 0x00000000e0000000)
  object space 151040K, 47% used [0x00000000a0000000,0x00000000a4586e68,0x00000000a9380000)
 Metaspace       used 71965K, capacity 75640K, committed 75864K, reserved 1116160K
  class space    used 9222K, capacity 10055K, committed 10112K, reserved 1048576K
}
Event: 2174.114 GC heap before
{Heap before GC invocations=24 (full 3):
 PSYoungGen      total 179200K, used 167156K [0x00000000e0000000, 0x00000000ed700000, 0x0000000100000000)
  eden space 148480K, 100% used [0x00000000e0000000,0x00000000e9100000,0x00000000e9100000)
  from space 30720K, 60% used [0x00000000eb900000,0x00000000ecb3d2e0,0x00000000ed700000)
  to   space 35840K, 0% used [0x00000000e9100000,0x00000000e9100000,0x00000000eb400000)
 ParOldGen       total 151040K, used 71195K [0x00000000a0000000, 0x00000000a9380000, 0x00000000e0000000)
  object space 151040K, 47% used [0x00000000a0000000,0x00000000a4586e68,0x00000000a9380000)
 Metaspace       used 72015K, capacity 75704K, committed 75864K, reserved 1116160K
  class space    used 9222K, capacity 10055K, committed 10112K, reserved 1048576K
Event: 2174.132 GC heap after
Heap after GC invocations=24 (full 3):
 PSYoungGen      total 163840K, used 18996K [0x00000000e0000000, 0x00000000ed100000, 0x0000000100000000)
  eden space 144384K, 0% used [0x00000000e0000000,0x00000000e0000000,0x00000000e8d00000)
  from space 19456K, 97% used [0x00000000e9100000,0x00000000ea38d2e0,0x00000000ea400000)
  to   space 34816K, 0% used [0x00000000eaf00000,0x00000000eaf00000,0x00000000ed100000)
 ParOldGen       total 151040K, used 71203K [0x00000000a0000000, 0x00000000a9380000, 0x00000000e0000000)
  object space 151040K, 47% used [0x00000000a0000000,0x00000000a4588e68,0x00000000a9380000)
 Metaspace       used 72015K, capacity 75704K, committed 75864K, reserved 1116160K
  class space    used 9222K, capacity 10055K, committed 10112K, reserved 1048576K
}
Event: 2177.747 GC heap before
{Heap before GC invocations=25 (full 3):
 PSYoungGen      total 163840K, used 163380K [0x00000000e0000000, 0x00000000ed100000, 0x0000000100000000)
  eden space 144384K, 100% used [0x00000000e0000000,0x00000000e8d00000,0x00000000e8d00000)
  from space 19456K, 97% used [0x00000000e9100000,0x00000000ea38d2e0,0x00000000ea400000)
  to   space 34816K, 0% used [0x00000000eaf00000,0x00000000eaf00000,0x00000000ed100000)
 ParOldGen       total 151040K, used 71203K [0x00000000a0000000, 0x00000000a9380000, 0x00000000e0000000)
  object space 151040K, 47% used [0x00000000a0000000,0x00000000a4588e68,0x00000000a9380000)
 Metaspace       used 77343K, capacity 80988K, committed 81112K, reserved 1120256K
  class space    used 9824K, capacity 10667K, committed 10752K, reserved 1048576K
Event: 2177.773 GC heap after
Heap after GC invocations=25 (full 3):
 PSYoungGen      total 173056K, used 24660K [0x00000000e0000000, 0x00000000ecf00000, 0x0000000100000000)
  eden space 140288K, 0% used [0x00000000e0000000,0x00000000e0000000,0x00000000e8900000)
  from space 32768K, 75% used [0x00000000eaf00000,0x00000000ec715398,0x00000000ecf00000)
  to   space 35840K, 0% used [0x00000000e8900000,0x00000000e8900000,0x00000000eac00000)
 ParOldGen       total 151040K, used 71211K [0x00000000a0000000, 0x00000000a9380000, 0x00000000e0000000)
  object space 151040K, 47% used [0x00000000a0000000,0x00000000a458ae68,0x00000000a9380000)
 Metaspace       used 77343K, capacity 80988K, committed 81112K, reserved 1120256K
  class space    used 9824K, capacity 10667K, committed 10752K, reserved 1048576K
}
Event: 2179.980 GC heap before
{Heap before GC invocations=26 (full 3):
 PSYoungGen      total 173056K, used 164948K [0x00000000e0000000, 0x00000000ecf00000, 0x0000000100000000)
  eden space 140288K, 100% used [0x00000000e0000000,0x00000000e8900000,0x00000000e8900000)
  from space 32768K, 75% used [0x00000000eaf00000,0x00000000ec715398,0x00000000ecf00000)
  to   space 35840K, 0% used [0x00000000e8900000,0x00000000e8900000,0x00000000eac00000)
 ParOldGen       total 151040K, used 71211K [0x00000000a0000000, 0x00000000a9380000, 0x00000000e0000000)
  object space 151040K, 47% used [0x00000000a0000000,0x00000000a458ae68,0x00000000a9380000)
 Metaspace       used 84334K, capacity 88520K, committed 88792K, reserved 1126400K
  class space    used 10761K, capacity 11737K, committed 11776K, reserved 1048576K

Deoptimization events (10 events):
Event: 2179.528 Thread 0x000000001c739800 Uncommon trap: reason=unstable_if action=reinterpret pc=0x000000000399ebe8 method=java.util.WeakHashMap.remove(Ljava/lang/Object;)Ljava/lang/Object; @ 94
Event: 2179.568 Thread 0x000000001c737000 Uncommon trap: reason=unstable_if action=reinterpret pc=0x00000000063418f0 method=java.util.concurrent.ConcurrentHashMap.addCount(JI)V @ 168
Event: 2179.572 Thread 0x000000001c739800 Uncommon trap: reason=unstable_if action=reinterpret pc=0x00000000037b2344 method=java.util.concurrent.ConcurrentHashMap.transfer([Ljava/util/concurrent/ConcurrentHashMap$Node;[Ljava/util/concurrent/ConcurrentHashMap$Node;)V @ 34
Event: 2179.572 Thread 0x000000001c737000 Uncommon trap: reason=unstable_if action=reinterpret pc=0x00000000037b2374 method=java.util.concurrent.ConcurrentHashMap.transfer([Ljava/util/concurrent/ConcurrentHashMap$Node;[Ljava/util/concurrent/ConcurrentHashMap$Node;)V @ 277
Event: 2179.579 Thread 0x000000001c73a000 Uncommon trap: reason=unstable_if action=reinterpret pc=0x000000000638e1c0 method=java.util.concurrent.ConcurrentHashMap.addCount(JI)V @ 168
Event: 2179.660 Thread 0x000000001c73b000 Uncommon trap: reason=unstable_if action=reinterpret pc=0x00000000063d0af4 method=java.util.concurrent.ConcurrentHashMap.computeIfAbsent(Ljava/lang/Object;Ljava/util/function/Function;)Ljava/lang/Object; @ 234
Event: 2179.789 Thread 0x000000001c730800 Uncommon trap: reason=predicate action=maybe_recompile pc=0x0000000003a481f8 method=java.util.LinkedList.remove(Ljava/lang/Object;)Z @ 48
Event: 2179.896 Thread 0x000000001c73a000 Uncommon trap: reason=class_check action=maybe_recompile pc=0x0000000005e175c4 method=com.android.tools.r8.org.objectweb.asm.ClassReader.readCode(Lcom/android/tools/r8/org/objectweb/asm/MethodVisitor;Lcom/android/tools/r8/org/objectweb/asm/Context;I)V @ 1
Event: 2179.896 Thread 0x000000001c73a000 Uncommon trap: reason=predicate action=maybe_recompile pc=0x0000000005e18a70 method=com.android.tools.r8.org.objectweb.asm.ClassReader.readCode(Lcom/android/tools/r8/org/objectweb/asm/MethodVisitor;Lcom/android/tools/r8/org/objectweb/asm/Context;I)V @ 492
Event: 2179.964 Thread 0x000000001c737000 Uncommon trap: reason=unstable_if action=reinterpret pc=0x0000000005e1221c method=com.android.tools.r8.ir.code.ValueType.isWide()Z @ 4

Classes redefined (0 events):
No events

Internal exceptions (10 events):
Event: 2179.310 Thread 0x000000001c72d800 Exception <a 'sun/nio/fs/WindowsException'> (0x00000000e45401b8) thrown at [D:\src\AOSP-openjdk-cygwin\jdk8u\hotspot\src\share\vm\prims\jni.cpp, line 709]
Event: 2179.310 Thread 0x000000001c72d800 Exception <a 'sun/nio/fs/WindowsException'> (0x00000000e4540d10) thrown at [D:\src\AOSP-openjdk-cygwin\jdk8u\hotspot\src\share\vm\prims\jni.cpp, line 709]
Event: 2179.310 Thread 0x000000001c72d800 Exception <a 'sun/nio/fs/WindowsException'> (0x00000000e4542278) thrown at [D:\src\AOSP-openjdk-cygwin\jdk8u\hotspot\src\share\vm\prims\jni.cpp, line 709]
Event: 2179.314 Thread 0x000000001c72d800 Exception <a 'sun/nio/fs/WindowsException'> (0x00000000e4598d38) thrown at [D:\src\AOSP-openjdk-cygwin\jdk8u\hotspot\src\share\vm\prims\jni.cpp, line 709]
Event: 2179.314 Thread 0x000000001c72d800 Exception <a 'sun/nio/fs/WindowsException'> (0x00000000e4599890) thrown at [D:\src\AOSP-openjdk-cygwin\jdk8u\hotspot\src\share\vm\prims\jni.cpp, line 709]
Event: 2179.314 Thread 0x000000001c72d800 Exception <a 'sun/nio/fs/WindowsException'> (0x00000000e459adf8) thrown at [D:\src\AOSP-openjdk-cygwin\jdk8u\hotspot\src\share\vm\prims\jni.cpp, line 709]
Event: 2179.319 Thread 0x000000001c72d800 Exception <a 'sun/nio/fs/WindowsException'> (0x00000000e45f2e00) thrown at [D:\src\AOSP-openjdk-cygwin\jdk8u\hotspot\src\share\vm\prims\jni.cpp, line 709]
Event: 2179.319 Thread 0x000000001c72d800 Exception <a 'sun/nio/fs/WindowsException'> (0x00000000e45f3958) thrown at [D:\src\AOSP-openjdk-cygwin\jdk8u\hotspot\src\share\vm\prims\jni.cpp, line 709]
Event: 2179.319 Thread 0x000000001c72d800 Exception <a 'sun/nio/fs/WindowsException'> (0x00000000e45f4ec0) thrown at [D:\src\AOSP-openjdk-cygwin\jdk8u\hotspot\src\share\vm\prims\jni.cpp, line 709]
Event: 2179.372 Thread 0x000000001c72f800 Exception <a 'java/lang/NoSuchMethodError': java.lang.Object.lambda$static$0(Ljava/lang/String;)Z> (0x00000000e4b7e068) thrown at [D:\src\AOSP-openjdk-cygwin\jdk8u\hotspot\src\share\vm\interpreter\linkResolver.cpp, line 584]

Events (10 events):
Event: 2179.964 Thread 0x000000001c737000 Uncommon trap: trap_request=0xffffff65 fr.pc=0x0000000005e1221c
Event: 2179.964 Thread 0x000000001c737000 DEOPT PACKING pc=0x0000000005e1221c sp=0x000000003290e890
Event: 2179.965 Thread 0x000000001c737000 DEOPT UNPACKING pc=0x00000000033a557b sp=0x000000003290e830 mode 2
Event: 2179.970 loading class com/android/tools/r8/it/unimi/dsi/fastutil/ints/IntArrayList
Event: 2179.970 loading class com/android/tools/r8/it/unimi/dsi/fastutil/ints/IntArrayList done
Event: 2179.971 Executing VM operation: RevokeBias
Event: 2179.972 Executing VM operation: RevokeBias done
Event: 2179.973 loading class com/android/tools/r8/it/unimi/dsi/fastutil/ints/AbstractIntList
Event: 2179.973 loading class com/android/tools/r8/it/unimi/dsi/fastutil/ints/AbstractIntList done
Event: 2179.979 Executing VM operation: ParallelGCFailedAllocation


Dynamic libraries:
0x00007ff674ac0000 - 0x00007ff674af1000 	C:\Program Files\Android\Android Studio\jre\bin\java.exe
0x00007ffd990b0000 - 0x00007ffd99291000 	C:\WINDOWS\SYSTEM32\ntdll.dll
0x00007ffd980b0000 - 0x00007ffd98162000 	C:\WINDOWS\System32\KERNEL32.DLL
0x00007ffd955d0000 - 0x00007ffd95843000 	C:\WINDOWS\System32\KERNELBASE.dll
0x00007ffd96630000 - 0x00007ffd966d1000 	C:\WINDOWS\System32\ADVAPI32.dll
0x00007ffd98280000 - 0x00007ffd9831e000 	C:\WINDOWS\System32\msvcrt.dll
0x00007ffd98350000 - 0x00007ffd983ab000 	C:\WINDOWS\System32\sechost.dll
0x00007ffd97f80000 - 0x00007ffd980a4000 	C:\WINDOWS\System32\RPCRT4.dll
0x00007ffd98830000 - 0x00007ffd989c0000 	C:\WINDOWS\System32\USER32.dll
0x00007ffd95ba0000 - 0x00007ffd95bc0000 	C:\WINDOWS\System32\win32u.dll
0x00007ffd98800000 - 0x00007ffd98828000 	C:\WINDOWS\System32\GDI32.dll
0x00007ffd95900000 - 0x00007ffd95a92000 	C:\WINDOWS\System32\gdi32full.dll
0x00007ffd95b00000 - 0x00007ffd95b9f000 	C:\WINDOWS\System32\msvcp_win.dll
0x00007ffd954d0000 - 0x00007ffd955ca000 	C:\WINDOWS\System32\ucrtbase.dll
0x00007ffd8b830000 - 0x00007ffd8ba99000 	C:\WINDOWS\WinSxS\amd64_microsoft.windows.common-controls_6595b64144ccf1df_6.0.17134.48_none_b4b2216a3cb4dd3e\COMCTL32.dll
0x00007ffd98d40000 - 0x00007ffd99063000 	C:\WINDOWS\System32\combase.dll
0x00007ffd95bc0000 - 0x00007ffd95c3a000 	C:\WINDOWS\System32\bcryptPrimitives.dll
0x00007ffd98320000 - 0x00007ffd9834d000 	C:\WINDOWS\System32\IMM32.DLL
0x0000000052fb0000 - 0x0000000053082000 	C:\Program Files\Android\Android Studio\jre\jre\bin\msvcr100.dll
0x0000000053170000 - 0x00000000539af000 	C:\Program Files\Android\Android Studio\jre\jre\bin\server\jvm.dll
0x00007ffd99070000 - 0x00007ffd99078000 	C:\WINDOWS\System32\PSAPI.DLL
0x00007ffd92000000 - 0x00007ffd92009000 	C:\WINDOWS\SYSTEM32\WSOCK32.dll
0x00007ffd93650000 - 0x00007ffd93673000 	C:\WINDOWS\SYSTEM32\WINMM.dll
0x00007ffd91b50000 - 0x00007ffd91b5a000 	C:\WINDOWS\SYSTEM32\VERSION.dll
0x00007ffd98170000 - 0x00007ffd981dc000 	C:\WINDOWS\System32\WS2_32.dll
0x00007ffd93620000 - 0x00007ffd9364a000 	C:\WINDOWS\SYSTEM32\winmmbase.dll
0x00007ffd95480000 - 0x00007ffd954c9000 	C:\WINDOWS\System32\cfgmgr32.dll
0x00007ffd91ff0000 - 0x00007ffd91fff000 	C:\Program Files\Android\Android Studio\jre\jre\bin\verify.dll
0x00007ffd8f440000 - 0x00007ffd8f469000 	C:\Program Files\Android\Android Studio\jre\jre\bin\java.dll
0x00007ffd916c0000 - 0x00007ffd916d6000 	C:\Program Files\Android\Android Studio\jre\jre\bin\zip.dll
0x00007ffd96780000 - 0x00007ffd97bc0000 	C:\WINDOWS\System32\SHELL32.dll
0x00007ffd98c90000 - 0x00007ffd98d39000 	C:\WINDOWS\System32\shcore.dll
0x00007ffd95c40000 - 0x00007ffd9634d000 	C:\WINDOWS\System32\windows.storage.dll
0x00007ffd96720000 - 0x00007ffd96771000 	C:\WINDOWS\System32\shlwapi.dll
0x00007ffd95420000 - 0x00007ffd95431000 	C:\WINDOWS\System32\kernel.appcore.dll
0x00007ffd95440000 - 0x00007ffd9545f000 	C:\WINDOWS\System32\profapi.dll
0x00007ffd953d0000 - 0x00007ffd9541c000 	C:\WINDOWS\System32\powrprof.dll
0x00007ffd953c0000 - 0x00007ffd953ca000 	C:\WINDOWS\System32\FLTLIB.DLL
0x00007ffd8f420000 - 0x00007ffd8f43a000 	C:\Program Files\Android\Android Studio\jre\jre\bin\net.dll
0x00007ffd94c40000 - 0x00007ffd94ca6000 	C:\WINDOWS\system32\mswsock.dll
0x00007ffd8f3e0000 - 0x00007ffd8f3f1000 	C:\Program Files\Android\Android Studio\jre\jre\bin\nio.dll
0x00007ffd91540000 - 0x00007ffd9155e000 	C:\Users\IGNITE\.gradle\native\25\windows-amd64\native-platform.dll
0x00007ffd8f3d0000 - 0x00007ffd8f3dd000 	C:\Program Files\Android\Android Studio\jre\jre\bin\management.dll
0x00007ffd94e00000 - 0x00007ffd94e17000 	C:\WINDOWS\SYSTEM32\CRYPTSP.dll
0x00007ffd94820000 - 0x00007ffd94853000 	C:\WINDOWS\system32\rsaenh.dll
0x00007ffd94f20000 - 0x00007ffd94f45000 	C:\WINDOWS\SYSTEM32\bcrypt.dll
0x00007ffd952f0000 - 0x00007ffd95318000 	C:\WINDOWS\SYSTEM32\USERENV.dll
0x00007ffd94df0000 - 0x00007ffd94dfb000 	C:\WINDOWS\SYSTEM32\CRYPTBASE.dll
0x00007ffd949c0000 - 0x00007ffd949f8000 	C:\WINDOWS\SYSTEM32\IPHLPAPI.DLL
0x00007ffd96710000 - 0x00007ffd96718000 	C:\WINDOWS\System32\NSI.dll
0x00007ffd8e9d0000 - 0x00007ffd8e9e6000 	C:\WINDOWS\SYSTEM32\dhcpcsvc6.DLL
0x00007ffd8f5a0000 - 0x00007ffd8f5ba000 	C:\WINDOWS\SYSTEM32\dhcpcsvc.DLL
0x00007ffd3dec0000 - 0x00007ffd3e056000 	C:\Program Files\Android\Android Studio\jre\jre\bin\awt.dll
0x00007ffd98bc0000 - 0x00007ffd98c82000 	C:\WINDOWS\System32\OLEAUT32.dll
0x00007ffd927e0000 - 0x00007ffd92da7000 	C:\WINDOWS\SYSTEM32\d2d1.dll
0x00007ffd93770000 - 0x00007ffd937fb000 	C:\WINDOWS\SYSTEM32\apphelp.dll
0x00007ffd93aa0000 - 0x00007ffd93ac9000 	C:\WINDOWS\system32\DWMAPI.DLL
0x00007ffd938c0000 - 0x00007ffd93958000 	C:\WINDOWS\system32\uxtheme.dll
0x00007ffd87900000 - 0x00007ffd87ac9000 	C:\WINDOWS\SYSTEM32\dbghelp.dll

VM Arguments:
jvm_args: -Xmx1536m -Dfile.encoding=windows-1252 -Duser.country=MX -Duser.language=es -Duser.variant 
java_command: org.gradle.launcher.daemon.bootstrap.GradleDaemon 4.4
java_class_path (initial): C:\Users\IGNITE\.gradle\wrapper\dists\gradle-4.4-all\9br9xq1tocpiv8o6njlyu5op1\gradle-4.4\lib\gradle-launcher-4.4.jar
Launcher Type: SUN_STANDARD

Environment Variables:
PATH=C:\Program Files (x86)\Common Files\Oracle\Java\javapath;C:\Program Files (x86)\Intel\iCLS Client\;C:\Program Files\Intel\iCLS Client\;C:\Windows\system32;C:\Windows;C:\Windows\System32\Wbem;C:\Windows\System32\WindowsPowerShell\v1.0\;C:\Program Files (x86)\NVIDIA Corporation\PhysX\Common;C:\Program Files (x86)\Intel\Intel(R) Management Engine Components\DAL;C:\Program Files\Intel\Intel(R) Management Engine Components\DAL;C:\Program Files (x86)\Intel\Intel(R) Management Engine Components\IPT;C:\Program Files\Intel\Intel(R) Management Engine Components\IPT;C:\WINDOWS\system32;C:\WINDOWS;C:\WINDOWS\System32\Wbem;C:\WINDOWS\System32\WindowsPowerShell\v1.0\;C:\WINDOWS\System32\OpenSSH\;C:\Program Files\Git\cmd;C:\Program Files\Microsoft SQL Server\130\Tools\Binn\;C:\Users\IGNITE\AppData\Local\Programs\Python\Python36-32\Scripts\;C:\Users\IGNITE\AppData\Local\Programs\Python\Python36-32\;C:\Users\IGNITE\AppData\Local\Microsoft\WindowsApps;C:\Program Files\Microsoft VS Code\bin;C:\Users\IGNITE\AppData\Local\GitHubDesktop\bin
USERNAME=IGNITE
OS=Windows_NT
PROCESSOR_IDENTIFIER=Intel64 Family 6 Model 158 Stepping 9, GenuineIntel



---------------  S Y S T E M  ---------------

OS: Windows 10.0 , 64 bit Build 17134 (10.0.17134.1)

CPU:total 4 (initial active 4) (4 cores per cpu, 1 threads per core) family 6 model 158 stepping 9, cmov, cx8, fxsr, mmx, sse, sse2, sse3, ssse3, sse4.1, sse4.2, popcnt, avx, avx2, aes, clmul, erms, 3dnowpref, lzcnt, tsc, tscinvbit, bmi1, bmi2, adx

Memory: 4k page, physical 8327796k(2897332k free), swap 12423796k(3785836k free)

vm_info: OpenJDK 64-Bit Server VM (25.152-b02) for windows-amd64 JRE (1.8.0_152-release-1024-b02), built by "builder" with MS VC++ 10.0 (VS2010)

time: Sun Jun 03 01:42:21 2018
elapsed time: 2180 seconds (0d 0h 36m 20s)

